C:\Program Files (x86)\Microsoft Visual Studio\2019\Community\MSBuild\Microsoft\VC\v160\Microsoft.CppBuild.targets(513,5): warning MSB8028: The intermediate directory (Debug\) contains files shared from another project (DouglasHall.vcxproj).  This can lead to incorrect clean and rebuild behavior.
  Chest.cpp
  Game.cpp
D:\Queens\Year3\CISC320\C320PlatformerGame\C320PlatformerGame\Game.cpp(152,29): warning C4244: 'argument': conversion from 'T' to 'const float', possible loss of data
          with
          [
              T=unsigned int
          ]
D:\Queens\Year3\CISC320\C320PlatformerGame\C320PlatformerGame\Game.cpp(157,56): warning C4244: 'argument': conversion from 'const T' to 'unsigned int', possible loss of data
          with
          [
              T=float
          ]
D:\Queens\Year3\CISC320\C320PlatformerGame\C320PlatformerGame\Game.cpp(157,116): warning C4244: 'argument': conversion from 'const T' to 'unsigned int', possible loss of data
          with
          [
              T=float
          ]
D:\Queens\Year3\CISC320\C320PlatformerGame\C320PlatformerGame\Game.cpp(165,60): warning C4244: 'argument': conversion from 'T' to 'unsigned int', possible loss of data
          with
          [
              T=float
          ]
D:\Queens\Year3\CISC320\C320PlatformerGame\C320PlatformerGame\Game.cpp(165,158): warning C4244: 'argument': conversion from 'const T' to 'unsigned int', possible loss of data
          with
          [
              T=float
          ]
D:\Queens\Year3\CISC320\C320PlatformerGame\C320PlatformerGame\Game.cpp(173,60): warning C4244: 'argument': conversion from 'T' to 'unsigned int', possible loss of data
          with
          [
              T=float
          ]
D:\Queens\Year3\CISC320\C320PlatformerGame\C320PlatformerGame\Game.cpp(173,158): warning C4244: 'argument': conversion from 'const T' to 'unsigned int', possible loss of data
          with
          [
              T=float
          ]
D:\Queens\Year3\CISC320\C320PlatformerGame\C320PlatformerGame\Game.cpp(181,60): warning C4244: 'argument': conversion from 'T' to 'unsigned int', possible loss of data
          with
          [
              T=float
          ]
D:\Queens\Year3\CISC320\C320PlatformerGame\C320PlatformerGame\Game.cpp(181,158): warning C4244: 'argument': conversion from 'const T' to 'unsigned int', possible loss of data
          with
          [
              T=float
          ]
D:\Queens\Year3\CISC320\C320PlatformerGame\C320PlatformerGame\Game.cpp(189,60): warning C4244: 'argument': conversion from 'T' to 'unsigned int', possible loss of data
          with
          [
              T=float
          ]
D:\Queens\Year3\CISC320\C320PlatformerGame\C320PlatformerGame\Game.cpp(189,158): warning C4244: 'argument': conversion from 'const T' to 'unsigned int', possible loss of data
          with
          [
              T=float
          ]
D:\Queens\Year3\CISC320\C320PlatformerGame\C320PlatformerGame\Game.cpp(197,60): warning C4244: 'argument': conversion from 'T' to 'unsigned int', possible loss of data
          with
          [
              T=float
          ]
D:\Queens\Year3\CISC320\C320PlatformerGame\C320PlatformerGame\Game.cpp(197,158): warning C4244: 'argument': conversion from 'const T' to 'unsigned int', possible loss of data
          with
          [
              T=float
          ]
D:\Queens\Year3\CISC320\C320PlatformerGame\C320PlatformerGame\Game.cpp(205,60): warning C4244: 'argument': conversion from 'T' to 'unsigned int', possible loss of data
          with
          [
              T=float
          ]
D:\Queens\Year3\CISC320\C320PlatformerGame\C320PlatformerGame\Game.cpp(205,156): warning C4244: 'argument': conversion from 'const T' to 'unsigned int', possible loss of data
          with
          [
              T=float
          ]
D:\Queens\Year3\CISC320\C320PlatformerGame\C320PlatformerGame\Game.cpp(213,60): warning C4244: 'argument': conversion from 'T' to 'unsigned int', possible loss of data
          with
          [
              T=float
          ]
D:\Queens\Year3\CISC320\C320PlatformerGame\C320PlatformerGame\Game.cpp(213,156): warning C4244: 'argument': conversion from 'const T' to 'unsigned int', possible loss of data
          with
          [
              T=float
          ]
D:\Queens\Year3\CISC320\C320PlatformerGame\C320PlatformerGame\Game.cpp(221,60): warning C4244: 'argument': conversion from 'T' to 'unsigned int', possible loss of data
          with
          [
              T=float
          ]
D:\Queens\Year3\CISC320\C320PlatformerGame\C320PlatformerGame\Game.cpp(221,155): warning C4244: 'argument': conversion from 'const T' to 'unsigned int', possible loss of data
          with
          [
              T=float
          ]
D:\Queens\Year3\CISC320\C320PlatformerGame\C320PlatformerGame\Game.cpp(229,60): warning C4244: 'argument': conversion from 'T' to 'unsigned int', possible loss of data
          with
          [
              T=float
          ]
D:\Queens\Year3\CISC320\C320PlatformerGame\C320PlatformerGame\Game.cpp(229,156): warning C4244: 'argument': conversion from 'const T' to 'unsigned int', possible loss of data
          with
          [
              T=float
          ]
D:\Queens\Year3\CISC320\C320PlatformerGame\C320PlatformerGame\Game.cpp(237,60): warning C4244: 'argument': conversion from 'T' to 'unsigned int', possible loss of data
          with
          [
              T=float
          ]
D:\Queens\Year3\CISC320\C320PlatformerGame\C320PlatformerGame\Game.cpp(237,156): warning C4244: 'argument': conversion from 'const T' to 'unsigned int', possible loss of data
          with
          [
              T=float
          ]
D:\Queens\Year3\CISC320\C320PlatformerGame\C320PlatformerGame\Game.cpp(245,60): warning C4244: 'argument': conversion from 'T' to 'unsigned int', possible loss of data
          with
          [
              T=float
          ]
D:\Queens\Year3\CISC320\C320PlatformerGame\C320PlatformerGame\Game.cpp(245,157): warning C4244: 'argument': conversion from 'const T' to 'unsigned int', possible loss of data
          with
          [
              T=float
          ]
D:\Queens\Year3\CISC320\C320PlatformerGame\C320PlatformerGame\Game.cpp(255,44): warning C4244: 'argument': conversion from 'T' to 'unsigned int', possible loss of data
          with
          [
              T=float
          ]
D:\Queens\Year3\CISC320\C320PlatformerGame\C320PlatformerGame\Game.cpp(258,43): warning C4244: 'argument': conversion from 'const T' to 'unsigned int', possible loss of data
          with
          [
              T=float
          ]
D:\Queens\Year3\CISC320\C320PlatformerGame\C320PlatformerGame\Game.cpp(272,34): warning C4244: 'argument': conversion from 'T' to 'unsigned int', possible loss of data
          with
          [
              T=float
          ]
D:\Queens\Year3\CISC320\C320PlatformerGame\C320PlatformerGame\Game.cpp(271,33): warning C4244: 'argument': conversion from 'T' to 'unsigned int', possible loss of data
          with
          [
              T=float
          ]
D:\Queens\Year3\CISC320\C320PlatformerGame\C320PlatformerGame\Game.cpp(270,30): warning C4244: 'argument': conversion from 'const T' to 'unsigned int', possible loss of data
          with
          [
              T=float
          ]
D:\Queens\Year3\CISC320\C320PlatformerGame\C320PlatformerGame\Game.cpp(277,34): warning C4244: 'argument': conversion from 'T' to 'unsigned int', possible loss of data
          with
          [
              T=float
          ]
D:\Queens\Year3\CISC320\C320PlatformerGame\C320PlatformerGame\Game.cpp(276,33): warning C4244: 'argument': conversion from 'T' to 'unsigned int', possible loss of data
          with
          [
              T=float
          ]
D:\Queens\Year3\CISC320\C320PlatformerGame\C320PlatformerGame\Game.cpp(275,30): warning C4244: 'argument': conversion from 'const T' to 'unsigned int', possible loss of data
          with
          [
              T=float
          ]
D:\Queens\Year3\CISC320\C320PlatformerGame\C320PlatformerGame\Game.cpp(322,74): warning C4244: 'argument': conversion from 'float' to 'unsigned int', possible loss of data
D:\Queens\Year3\CISC320\C320PlatformerGame\C320PlatformerGame\Game.cpp(330,130): warning C4244: 'argument': conversion from 'float' to 'unsigned int', possible loss of data
D:\Queens\Year3\CISC320\C320PlatformerGame\C320PlatformerGame\Game.cpp(330,77): warning C4244: 'argument': conversion from 'float' to 'unsigned int', possible loss of data
D:\Queens\Year3\CISC320\C320PlatformerGame\C320PlatformerGame\Game.cpp(330,40): warning C4244: 'argument': conversion from 'float' to 'unsigned int', possible loss of data
  Generating Code...
D:\Queens\Year3\CISC320\C320PlatformerGame\C320PlatformerGame\Chest.cpp(59): warning C4172: returning address of local variable or temporary: animSwitcher
  C320PlatformerGame.vcxproj -> D:\Queens\Year3\CISC320\C320PlatformerGame\C320PlatformerGame\Debug\C320PlatformerGame.exe
